2025-10-02 23:50:23,175 - INFO - Original dataframe shape: (3816, 14)
2025-10-02 23:50:23,178 - INFO - Total rows in df without NaN or null values: 3783
2025-10-02 23:50:23,295 - INFO - Kolom dengan data lengkap (>= 70.0%): 57
2025-10-02 23:50:23,295 - INFO - Kolom dengan data tidak lengkap (kurang dari 70.0%): 481
2025-10-02 23:50:23,297 - INFO - 
Filtered DataFrame shape: (57, 57)
2025-10-02 23:50:23,297 - INFO - Data completeness setelah filtering: 100.00%
2025-10-02 23:50:23,328 - INFO - 
Enhanced DataFrame shape: (57, 151)
2025-10-02 23:50:23,328 - INFO - Jumlah fitur asli: 57
2025-10-02 23:50:23,328 - INFO - Jumlah fitur baru: 94
2025-10-02 23:50:23,328 - INFO - Total fitur: 151
2025-10-02 23:50:23,328 - INFO - 
Statistik Enhanced DataFrame:
2025-10-02 23:50:23,329 - INFO - Data completeness: 98.95%
2025-10-02 23:50:23,332 - INFO - Kolom dengan data tidak lengkap di Enhanced DataFrame: 39
2025-10-02 23:50:23,342 - INFO - 
Enhanced DataFrame saved to: datasets/fundamental/TSLA_enhanced_features.csv
2025-10-02 23:50:23,344 - INFO - DataFrame setelah filter q > 2012-Q1: (53, 151)
2025-10-02 23:50:23,348 - INFO - Data completeness: 100.00%
2025-10-02 23:50:23,348 - INFO - Processing technical and fundamental data...
2025-10-02 23:50:23,348 - INFO - Starting complete preprocessing pipeline with quarter shift mapping
2025-10-02 23:50:23,349 - INFO - Preparing technical data
2025-10-02 23:50:23,351 - INFO - Technical data prepared: 3783 rows, 17 columns
2025-10-02 23:50:23,351 - INFO - Preparing fundamental data
2025-10-02 23:50:23,351 - INFO - Fundamental data prepared: 53 quarters, 151 features
2025-10-02 23:50:23,351 - INFO - Converting quarterly data to daily format with quarter shift mapping
2025-10-02 23:50:24,471 - INFO - Daily conversion completed: 4839 days, 151 features
2025-10-02 23:50:24,471 - INFO - Data availability with quarter shift mapping: 98.12%
2025-10-02 23:50:24,472 - INFO - Combining technical and fundamental data
2025-10-02 23:50:24,488 - INFO - Data combination completed: 3330 rows, 168 columns
2025-10-02 23:50:24,489 - INFO - Date range: 2012-04-02 to 2025-06-30
2025-10-02 23:50:24,490 - INFO - Filtering data from 2012-Q2 to 2025-Q2
2025-10-02 23:50:24,499 - INFO - Filtering completed: 3330 rows remaining
2025-10-02 23:50:24,499 - INFO - Saving processed data to: datasets/processed/main_processed_data.csv
2025-10-02 23:50:24,787 - INFO - Data saved successfully: 3330 rows, 168 columns
2025-10-02 23:50:24,787 - INFO - Complete preprocessing pipeline finished successfully
2025-10-02 23:50:24,788 - INFO - Data processing completed: (3330, 168)
2025-10-02 23:50:24,788 - INFO - Processed data saved to: datasets/processed/main_processed_data.csv
2025-10-02 23:50:24,788 - INFO - 
Final processed data shape: (3330, 168)
2025-10-02 23:50:24,788 - INFO - Date range: 2012-04-02 00:00:00 to 2025-06-30 00:00:00
2025-10-02 23:50:24,788 - INFO - Technical columns: 8
2025-10-02 23:50:24,788 - INFO - Fundamental columns: 157
2025-10-02 23:50:24,788 - INFO - 
Preprocessing completed successfully!
2025-10-02 23:50:24,791 - INFO - Data completeness: 98.30%
2025-10-02 23:50:24,791 - INFO - 
=== Applying Triple Barrier Method ===
2025-10-02 23:50:24,791 - INFO - Starting Triple Barrier Method labeling...
2025-10-02 23:50:25,181 - INFO - 
=== Generating Triple Barrier Visualizations ===
2025-10-02 23:50:25,181 - INFO - Generating Triple Barrier visualizations...
2025-10-02 23:50:25,447 - INFO - Visualizations generated: 2 files
2025-10-02 23:50:25,447 - INFO - label_1_html: logs/visualization/visualisasi_20251002_235025_label_positif.html
2025-10-02 23:50:25,447 - INFO - label_-1_html: logs/visualization/visualisasi_20251002_235025_label_negatif.html
2025-10-02 23:50:25,447 - INFO - 
=== Triple Barrier Implementation Complete ===
2025-10-02 23:50:25,447 - INFO - Labels generated: 3314 samples
2025-10-02 23:50:25,447 - INFO - Results saved to: logs/triple_barrier/triple_barrier_results.csv
2025-10-02 23:50:25,447 - INFO - 
=== Merging Triple Barrier Labels with Features ===
2025-10-02 23:50:25,447 - INFO - Merging triple_barrier_df with filtered_df based on decision_date...
2025-10-02 23:50:25,455 - INFO - Triple Barrier data shape: (3314, 11)
2025-10-02 23:50:25,455 - INFO - Filtered data shape: (3330, 168)
2025-10-02 23:50:25,455 - INFO - Merged data shape: (3314, 178)
2025-10-02 23:50:25,456 - INFO - Successfully merged: 3251 complete rows
2025-10-02 23:50:25,742 - INFO - Merged labeled data saved to: datasets/processed/merged_labeled_data.csv
2025-10-02 23:50:25,742 - INFO - 
=== Final Summary ===
2025-10-02 23:50:25,742 - INFO - Original processed data shape: (3330, 168)
2025-10-02 23:50:25,742 - INFO - Triple Barrier labels: 3314 samples
2025-10-02 23:50:25,742 - INFO - Merged labeled data shape: (3314, 178)
2025-10-02 23:50:25,742 - INFO - Date range: 2012-04-02 00:00:00 to 2025-06-30 00:00:00
2025-10-02 23:50:25,743 - INFO - Date range: 2012-04-02 00:00:00 to 2025-06-05 00:00:00
2025-10-02 23:50:25,743 - INFO - Technical + Fundamental features: 168 columns
2025-10-02 23:50:25,743 - INFO - Total features in merged data: 178 columns
2025-10-02 23:50:25,743 - INFO - Triple Barrier parameters used: {'volatility_window': 20, 'upper_barrier_multiplier': 1.0, 'lower_barrier_multiplier': 1.0, 'time_barrier_days': 15, 'verbose': True}
2025-10-02 23:50:25,743 - INFO - 
All preprocessing, labeling, and merging completed successfully!
2025-10-02 23:50:25,743 - INFO - Dropped columns: ['decision_date', 'entry_date', 'end_date', 'end_price', 'return', 'barrier_touched', 'value_at_barrier_touched', 'time_converted', 'datetime', 'time']
2025-10-02 23:50:25,743 - INFO - Training DataFrame shape after dropping columns: (3314, 168)
2025-10-02 23:50:25,743 - INFO - Training DataFrame columns: ['entry_price', 'upper_barrier', 'lower_barrier', 'label', 'open', 'high', 'low', 'close', 'Volume', 'Histogram', 'MACD', 'Signal', 'K', 'D', 'Turnover (Cr)', '10 MA Turnover', 'Turnover / 10MA (X)', 'AccountsPayableCurrent', 'AccountsReceivableNetCurrent', 'AccumulatedDepreciationDepletionAndAmortizationPropertyPlantAndEquipment', 'AccumulatedOtherComprehensiveIncomeLossNetOfTax', 'AdditionalPaidInCapitalCommonStock', 'AllocatedShareBasedCompensationExpense', 'Assets', 'AssetsCurrent', 'CashAndCashEquivalentsAtCarryingValue', 'CommonStockValue', 'ComprehensiveIncomeNetOfTax', 'CostOfRevenue', 'EmployeeRelatedLiabilitiesCurrent', 'GrossProfit', 'IncomeLossFromContinuingOperationsBeforeIncomeTaxesExtraordinaryItemsNoncontrollingInterest', 'IncomeTaxExpenseBenefit', 'IncreaseDecreaseInAccountsPayableAndAccruedLiabilities', 'IncreaseDecreaseInAccountsReceivable', 'IncreaseDecreaseInOtherNoncurrentLiabilities', 'IncreaseDecreaseInPrepaidDeferredExpenseAndOtherAssets', 'InterestCostsCapitalized', 'InterestExpense', 'InventoryNet', 'InventoryWriteDown', 'InvestmentIncomeInterest', 'Liabilities', 'LiabilitiesAndStockholdersEquity', 'LiabilitiesCurrent', 'NetCashProvidedByUsedInFinancingActivities', 'NetCashProvidedByUsedInInvestingActivities', 'NetCashProvidedByUsedInOperatingActivities', 'NetIncomeLoss', 'NoncashOrPartNoncashAcquisitionValueOfAssetsAcquired1', 'NoncurrentAssets', 'OperatingExpenses', 'OperatingIncomeLoss', 'OtherAssetsNoncurrent', 'OtherComprehensiveIncomeLossForeignCurrencyTransactionAndTranslationAdjustmentNetOfTax', 'OtherLiabilitiesNoncurrent', 'OtherNonoperatingIncomeExpense', 'PaymentsToAcquirePropertyPlantAndEquipment', 'PrepaidExpenseAndOtherAssetsCurrent', 'ProceedsFromIssuanceOfSharesUnderIncentiveAndShareBasedCompensationPlansIncludingStockOptions', 'ProductWarrantyAccrualPreexistingIncreaseDecrease', 'PropertyPlantAndEquipmentGross', 'PropertyPlantAndEquipmentNet', 'ResearchAndDevelopmentExpense', 'RetainedEarningsAccumulatedDeficit', 'Revenues', 'SellingGeneralAndAdministrativeExpense', 'ShareBasedCompensation', 'StandardProductWarrantyAccrual', 'StandardProductWarrantyAccrualPayments', 'StandardProductWarrantyAccrualWarrantiesIssued', 'StockholdersEquity', 'TaxesPayableCurrent', 'UnrecognizedTaxBenefits', 'current_ratio', 'quick_ratio', 'cash_ratio', 'working_capital', 'accounts_receivable_turnover', 'days_sales_outstanding', 'inventory_turnover', 'days_inventory_outstanding', 'accounts_payable_turnover', 'days_payable_outstanding', 'cash_conversion_cycle', 'gross_profit_margin', 'operating_profit_margin', 'net_profit_margin', 'return_on_assets', 'return_on_equity', 'debt_to_equity_ratio', 'debt_to_assets_ratio', 'interest_coverage_ratio', 'operating_expense_ratio', 'rd_to_revenue_ratio', 'sga_to_revenue_ratio', 'fixed_asset_turnover', 'total_asset_turnover', 'capital_expenditure_ratio', 'compensation_efficiency', 'warranty_reserve_ratio', 'depreciation_rate', 'operating_cash_flow_to_net_income_ratio', 'effective_tax_rate', 'revenue_growth_rate', 'net_income_growth_rate', 'asset_growth_rate', 'accrual_ratio', 'cash_flow_to_revenue_ratio', 'return_on_invested_capital', 'cash_return_on_capital_invested', 'fixed_assets_to_long_term_debt_ratio', 'non_current_asset_turnover', 'quarterly_gross_profit_stability', 'revenue_to_expense_growth_differential', 'quarterly_cash_flow_quality', 'dividend_payout_ratio', 'stock_based_compensation_to_operating_expense_ratio', 'financial_leverage_index', 'asset_coverage_ratio', 'quarterly_margin_expansion', 'asset_utilization_ratio', 'capacity_utilization_proxy', 'altman_z_score', 'dupont_analysis_roe', 'economic_value_added', 'rd_efficiency_ratio', 'innovation_investment_ratio', 'revenue_momentum', 'earnings_momentum', 'quarterly_earnings_quality_index', 'non_operating_items_ratio', 'revenues_qoq_growth', 'revenues_yoy_growth', 'revenues_ttm', 'revenues_acceleration', 'revenues_seasonal_index', 'revenues_moving_avg', 'revenues_run_rate', 'revenues_volatility', 'revenues_seasonal_dependency', 'net_income_qoq_growth', 'net_income_yoy_growth', 'net_income_ttm', 'net_income_acceleration', 'net_income_seasonal_index', 'net_income_moving_avg', 'net_income_run_rate', 'net_income_volatility', 'assets_qoq_growth', 'assets_yoy_growth', 'assets_ttm', 'operating_income_qoq_growth', 'operating_income_yoy_growth', 'operating_income_ttm', 'cash_qoq_growth', 'cash_yoy_growth', 'equity_qoq_growth', 'equity_yoy_growth', 'liabilities_qoq_growth', 'liabilities_yoy_growth', 'quarterly_operating_leverage', 'quarterly_cash_burn_rate', 'revenues_ytd', 'netincomeloss_ytd', 'operatingincomeloss_ytd', 'long_term_revenue_cagr', 'operating_margin_trend']
2025-10-02 23:50:25,743 - INFO - 
=== Splitting Data into Train, Validation, and Test Sets (Time-based) ===
2025-10-02 23:50:25,744 - INFO - Splitting data into train, validation, and test sets using time-based approach...
2025-10-02 23:50:25,748 - INFO - Test data period: 2024-07-01 00:00:00 to 2025-06-05 00:00:00
2025-10-02 23:50:25,748 - INFO - Test data shape: (234, 178)
2025-10-02 23:50:25,749 - INFO - Train+Val data period: 2012-04-02 00:00:00 to 2024-06-28 00:00:00
2025-10-02 23:50:25,749 - INFO - Train+Val data shape: (3080, 178)
2025-10-02 23:50:25,755 - INFO - X_train shape: (2464, 167), y_train shape: (2464,)
2025-10-02 23:50:25,755 - INFO - X_test shape: (234, 167), y_test shape: (234,)
2025-10-02 23:50:25,755 - INFO - X_val shape: (616, 167), y_val shape: (616,)
2025-10-02 23:50:26,074 - INFO - Train, test, and validation data saved to datasets/training_data
2025-10-02 23:50:26,074 - INFO - 8. HYPERPARAMETER TUNING
2025-10-02 23:50:26,074 - INFO - ================================================================================
2025-10-02 23:50:26,219 - INFO - 
Combined HMM, XGBoost, and Barrier Parameters Tuning with Optuna
2025-10-02 23:50:26,219 - INFO - --------------------------------------------------
2025-10-02 23:50:26,219 - INFO - Combined HMM, XGBoost, and LSTM Parameters Tuning with Optuna
2025-10-02 23:50:26,219 - INFO - --------------------------------------------------
2025-10-02 23:50:26,219 - INFO - TensorFlow available - using XGB-HMM-LSTM hybrid optimization
2025-10-02 23:50:26,219 - INFO - Starting combined_xgb_hmm_lstm_barrier_parameters_codex optimization with Optuna...
2025-10-02 23:50:26,514 - INFO - Study 'combined_xgb_hmm_lstm_barrier_parameters_codex' created/loaded with storage: logs/optuna_studies/combined_xgb_hmm_lstm_barrier_parameters_codex.db
2025-10-02 23:50:27,002 - INFO - Adjusting n_states from 5 to 3 to match number of unique classes
2025-10-02 23:50:27,003 - INFO - Starting XGB-HMM training with 3 states for 3 classes...
2025-10-02 23:50:27,003 - INFO - Initializing GMM-HMM for state estimation...
2025-10-02 23:50:27,622 - WARNING - Model is not converging.  Current: -4485451.997163159 is not greater than -4485451.997163049. Delta is -1.0989606380462646e-07
2025-10-02 23:50:27,636 - INFO - Training initial XGBoost model with GMM-derived states...
2025-10-02 23:50:43,906 - INFO - Converged after 10 iterations
2025-10-02 23:50:43,907 - INFO - XGB-HMM training completed
2025-10-02 23:50:44,009 - INFO - Combined Parameters Optimization - Trial 0: New best score 0.4123
2025-10-02 23:50:44,681 - INFO - Adjusting n_states from 5 to 3 to match number of unique classes
2025-10-02 23:50:44,681 - INFO - Starting XGB-HMM training with 3 states for 3 classes...
2025-10-02 23:50:44,681 - INFO - Initializing GMM-HMM for state estimation...
2025-10-02 23:50:44,770 - WARNING - Model is not converging.  Current: -4485445.690923543 is not greater than -4485445.690923444. Delta is -9.872019290924072e-08
2025-10-02 23:50:44,780 - INFO - Training initial XGBoost model with GMM-derived states...
2025-10-02 23:50:55,931 - INFO - Converged after 13 iterations
2025-10-02 23:50:55,932 - INFO - XGB-HMM training completed
2025-10-02 23:50:55,966 - INFO - Combined Parameters Optimization - Trial 1: New best score 0.5893
2025-10-02 23:50:56,679 - INFO - Adjusting n_states from 4 to 3 to match number of unique classes
2025-10-02 23:50:56,679 - INFO - Starting XGB-HMM training with 3 states for 3 classes...
2025-10-02 23:50:56,679 - INFO - Initializing GMM-HMM for state estimation...
2025-10-02 23:50:56,833 - WARNING - Model is not converging.  Current: -4485454.452714801 is not greater than -4485454.452714679. Delta is -1.2200325727462769e-07
2025-10-02 23:50:56,849 - INFO - Training initial XGBoost model with GMM-derived states...
2025-10-02 23:51:01,033 - INFO - Converged after 7 iterations
2025-10-02 23:51:01,033 - INFO - XGB-HMM training completed
2025-10-02 23:51:01,501 - INFO - Starting XGB-HMM training with 3 states for 3 classes...
2025-10-02 23:51:01,501 - INFO - Initializing GMM-HMM for state estimation...
2025-10-02 23:51:01,606 - WARNING - Model is not converging.  Current: -4485462.152530644 is not greater than -4485462.152530489. Delta is -1.555308699607849e-07
2025-10-02 23:51:01,617 - INFO - Training initial XGBoost model with GMM-derived states...
2025-10-02 23:51:11,020 - INFO - Converged after 8 iterations
2025-10-02 23:51:11,020 - INFO - XGB-HMM training completed
2025-10-02 23:51:11,550 - INFO - Starting XGB-HMM training with 3 states for 3 classes...
2025-10-02 23:51:11,550 - INFO - Initializing GMM-HMM for state estimation...
2025-10-02 23:51:11,656 - WARNING - Model is not converging.  Current: -4485450.267625804 is not greater than -4485450.267625783. Delta is -2.1420419216156006e-08
2025-10-02 23:51:11,675 - INFO - Training initial XGBoost model with GMM-derived states...
2025-10-02 23:51:20,514 - INFO - Converged after 11 iterations
2025-10-02 23:51:20,515 - INFO - XGB-HMM training completed
2025-10-02 23:51:21,280 - INFO - Adjusting n_states from 4 to 3 to match number of unique classes
2025-10-02 23:51:21,280 - INFO - Starting XGB-HMM training with 3 states for 3 classes...
2025-10-02 23:51:21,280 - INFO - Initializing GMM-HMM for state estimation...
2025-10-02 23:51:21,422 - WARNING - Model is not converging.  Current: -4485450.595526486 is not greater than -4485450.595526442. Delta is -4.377216100692749e-08
2025-10-02 23:51:21,440 - INFO - Training initial XGBoost model with GMM-derived states...
2025-10-02 23:51:36,480 - INFO - Converged after 11 iterations
2025-10-02 23:51:36,481 - INFO - XGB-HMM training completed
2025-10-02 23:51:37,040 - INFO - Adjusting n_states from 4 to 2 to match number of unique classes
2025-10-02 23:51:37,040 - INFO - Starting XGB-HMM training with 2 states for 2 classes...
2025-10-02 23:51:37,040 - INFO - Initializing GMM-HMM for state estimation...
2025-10-02 23:51:37,105 - WARNING - Model is not converging.  Current: -4632815.349387524 is not greater than -4632815.349386979. Delta is -5.448237061500549e-07
2025-10-02 23:51:37,111 - INFO - Training initial XGBoost model with GMM-derived states...
2025-10-02 23:51:41,255 - INFO - Converged after 7 iterations
2025-10-02 23:51:41,255 - INFO - XGB-HMM training completed
2025-10-02 23:51:41,765 - INFO - Starting XGB-HMM training with 2 states for 2 classes...
2025-10-02 23:51:41,765 - INFO - Initializing GMM-HMM for state estimation...
2025-10-02 23:51:41,848 - WARNING - Model is not converging.  Current: -4632817.782102479 is not greater than -4632817.782101807. Delta is -6.7148357629776e-07
2025-10-02 23:51:41,869 - INFO - Training initial XGBoost model with GMM-derived states...
2025-10-02 23:51:44,991 - INFO - Converged after 7 iterations
2025-10-02 23:51:44,991 - INFO - XGB-HMM training completed
2025-10-02 23:51:45,351 - INFO - Starting XGB-HMM training with 3 states for 3 classes...
2025-10-02 23:51:45,351 - INFO - Initializing GMM-HMM for state estimation...
2025-10-02 23:51:45,447 - INFO - Training initial XGBoost model with GMM-derived states...
2025-10-02 23:51:53,209 - INFO - Converged after 7 iterations
2025-10-02 23:51:53,210 - INFO - XGB-HMM training completed
2025-10-02 23:51:53,732 - INFO - Adjusting n_states from 4 to 3 to match number of unique classes
2025-10-02 23:51:53,732 - INFO - Starting XGB-HMM training with 3 states for 3 classes...
2025-10-02 23:51:53,732 - INFO - Initializing GMM-HMM for state estimation...
2025-10-02 23:51:53,847 - INFO - Training initial XGBoost model with GMM-derived states...
2025-10-02 23:51:57,516 - INFO - Converged after 5 iterations
2025-10-02 23:51:57,516 - INFO - XGB-HMM training completed
2025-10-02 23:51:57,562 - INFO - 
Combined hyperparameter tuning completed in 91.34 seconds
2025-10-02 23:51:57,562 - INFO - Best combined validation accuracy: 0.5893
2025-10-02 23:51:57,562 - INFO - Best trial number: 1
2025-10-02 23:51:57,562 - INFO - 
Best HMM Parameters:
2025-10-02 23:51:57,562 - INFO -   n_states: 5
2025-10-02 23:51:57,562 - INFO -   max_iter: 630
2025-10-02 23:51:57,562 - INFO -   tol: 0.004306634916380988
2025-10-02 23:51:57,562 - INFO - 
Best XGBoost Parameters:
2025-10-02 23:51:57,562 - INFO -   n_estimators: 300
2025-10-02 23:51:57,562 - INFO -   max_depth: 5
2025-10-02 23:51:57,562 - INFO -   learning_rate: 0.15299570767037496
2025-10-02 23:51:57,562 - INFO -   subsample: 0.9
2025-10-02 23:51:57,562 - INFO -   colsample_bytree: 0.8
2025-10-02 23:51:57,562 - INFO -   reg_alpha: 10.0
2025-10-02 23:51:57,562 - INFO -   reg_lambda: 10.0
2025-10-02 23:51:57,562 - INFO -   min_child_weight: 5
2025-10-02 23:51:57,562 - INFO -   gamma: 3.0
2025-10-02 23:51:57,562 - INFO - 
Best LSTM Parameters:
2025-10-02 23:51:57,562 - INFO -   sequence_length: 390
2025-10-02 23:51:57,562 - INFO -   lstm_units: 232
2025-10-02 23:51:57,562 - INFO -   dropout_rate: 0.44200000000000006
2025-10-02 23:51:57,562 - INFO -   learning_rate: 0.06546296438689009
2025-10-02 23:51:57,562 - INFO - 
Best Ensemble Weights: XGB=0.34, HMM=0.45, LSTM=0.21
2025-10-02 23:51:57,562 - INFO - 
Best Barrier Parameters:
2025-10-02 23:51:57,563 - INFO -   volatility_window: 80
2025-10-02 23:51:57,563 - INFO -   upper_barrier_multiplier: 2.9000000000000004
2025-10-02 23:51:57,563 - INFO -   lower_barrier_multiplier: 2.9000000000000004
2025-10-02 23:51:57,563 - INFO -   time_barrier_days: 35
2025-10-02 23:51:57,570 - INFO - Optimization summary saved to: logs/xgb_results/combined_optimization_summary.pkl
2025-10-02 23:51:57,570 - INFO - 
Using best parameters from combined tuning for final model training...
2025-10-02 23:51:57,570 - INFO - Applying triple barrier labeling with optimized parameters...
2025-10-02 23:51:58,238 - INFO - Updated merged data with optimized barrier parameters: (3294, 178)
2025-10-02 23:51:58,238 - INFO - 
9. Training XGB-HMM Hybrid Model
2025-10-02 23:51:58,238 - INFO - --------------------------------------------------
2025-10-02 23:51:58,238 - INFO - Using existing triple barrier data for XGB-HMM training...
2025-10-02 23:51:58,238 - INFO - Triple barrier data already available: 3314 samples
2025-10-02 23:51:58,238 - INFO - Proceeding directly to XGB-HMM training with existing merged data...
2025-10-02 23:51:58,242 - INFO - Final dataset shape: (3294, 178)
2025-10-02 23:51:58,242 - INFO - Label distribution:
2025-10-02 23:51:58,242 - INFO - label
-1    1371
 0      72
 1    1851
Name: count, dtype: int64
2025-10-02 23:51:58,246 - INFO - Final test data period: 2024-07-01 00:00:00 to 2025-05-07 00:00:00
2025-10-02 23:51:58,246 - INFO - Final test data shape: (214, 178)
2025-10-02 23:51:58,248 - INFO - Final train+val data period: 2012-04-02 00:00:00 to 2024-06-28 00:00:00
2025-10-02 23:51:58,248 - INFO - Final train+val data shape: (3080, 178)
2025-10-02 23:51:58,251 - INFO - 
Final data splits:
2025-10-02 23:51:58,251 - INFO - Training set: 2464 samples
2025-10-02 23:51:58,251 - INFO - Validation set: 616 samples
2025-10-02 23:51:58,251 - INFO - Test set: 214 samples
2025-10-02 23:51:58,251 - INFO - 
Final label mapping: {np.int64(-1): 0, np.int64(0): 1, np.int64(1): 2}
2025-10-02 23:51:58,252 - INFO - Number of classes: 3
2025-10-02 23:51:58,252 - INFO - 
=== Applying Feature Selection ===
2025-10-02 23:51:58,252 - INFO - Initializing feature selection process...
2025-10-02 23:51:58,252 - INFO - Original number of features: 167
2025-10-02 23:51:58,252 - INFO - Applying ensemble feature selection...
2025-10-02 23:51:58,252 - INFO - Performing ensemble feature selection...
2025-10-02 23:51:58,252 - INFO - Performing univariate feature selection with k=83 features...
2025-10-02 23:51:58,263 - INFO - Univariate selection completed. Selected 83 features.
2025-10-02 23:51:58,263 - INFO - Performing mutual information feature selection with k=83 features...
2025-10-02 23:51:58,956 - INFO - Mutual information selection completed. Selected 83 features.
2025-10-02 23:51:58,956 - INFO - Performing RFE selection with n_features=83...
2025-10-02 23:52:19,110 - INFO - RFE selection completed. Selected 83 features.
2025-10-02 23:52:19,111 - INFO - Performing feature importance selection with n_features=83...
2025-10-02 23:52:20,378 - INFO - Feature importance selection completed. Selected 83 features.
2025-10-02 23:52:20,380 - INFO - Ensemble selection completed. Selected 109 features with 2+ votes.
2025-10-02 23:52:20,380 - INFO - Selected 109 features out of 167
2025-10-02 23:52:20,380 - INFO - Feature reduction: 34.73%
2025-10-02 23:52:20,380 - INFO - 
Feature Selection Summary:
2025-10-02 23:52:20,380 - INFO - Applying feature selection to training, validation, and test sets...
2025-10-02 23:52:20,381 - INFO - Selected feature names (top 10): ['entry_price', 'upper_barrier', 'lower_barrier', 'open', 'high', 'low', 'close', 'Histogram', 'MACD', 'Signal']
2025-10-02 23:52:20,381 - INFO - ... and 99 more features
2025-10-02 23:52:20,385 - INFO - Feature selection summary saved to: logs/xgb_results/feature_selection_summary.pkl
2025-10-02 23:52:20,385 - INFO - 
=== Training XGB-HMM-LSTM Triple Hybrid Model with Selected Features ===
2025-10-02 23:52:20,385 - INFO - Initializing XGB-HMM-LSTM model with optimal parameters and selected features...
2025-10-02 23:52:20,386 - INFO - XGB-HMM-LSTM Model initialized with optimized parameters
2025-10-02 23:52:20,386 - INFO -   n_states: 5
2025-10-02 23:52:20,386 - INFO -   max_iter: 630
2025-10-02 23:52:20,386 - INFO -   tol: 0.004306634916380988
2025-10-02 23:52:20,386 - INFO -   sequence_length: 390
2025-10-02 23:52:20,386 - INFO -   lstm_units: 232
2025-10-02 23:52:20,386 - INFO -   ensemble_weights: [0.34, 0.45000000000000007, 0.20999999999999985]
2025-10-02 23:52:20,386 - INFO -   TensorFlow available: True
2025-10-02 23:52:20,386 - INFO - Starting XGB-HMM-LSTM training with EM algorithm...
2025-10-02 23:52:20,386 - INFO - Adjusting n_states from 5 to 3 to match number of unique classes
2025-10-02 23:52:20,386 - INFO - Starting XGB-HMM training with 3 states for 3 classes...
2025-10-02 23:52:20,386 - INFO - Initializing GMM-HMM for state estimation...
2025-10-02 23:52:20,492 - INFO - Training initial XGBoost model with GMM-derived states...
2025-10-02 23:52:26,829 - INFO - Converged after 8 iterations
2025-10-02 23:52:26,829 - INFO - XGB-HMM training completed
2025-10-02 23:52:26,834 - INFO - Training LSTM model with sequence length 390
