2025-10-05 16:04:08,674 - INFO - Original dataframe shape: (3816, 14)
2025-10-05 16:04:08,676 - INFO - Total rows in df without NaN or null values: 3783
2025-10-05 16:04:08,830 - INFO - Kolom dengan data lengkap (>= 70.0%): 57
2025-10-05 16:04:08,831 - INFO - Kolom dengan data tidak lengkap (kurang dari 70.0%): 481
2025-10-05 16:04:08,832 - INFO - 
Filtered DataFrame shape: (57, 57)
2025-10-05 16:04:08,833 - INFO - Data completeness setelah filtering: 100.00%
2025-10-05 16:04:08,894 - INFO - 
Enhanced DataFrame shape: (57, 151)
2025-10-05 16:04:08,894 - INFO - Jumlah fitur asli: 57
2025-10-05 16:04:08,894 - INFO - Jumlah fitur baru: 94
2025-10-05 16:04:08,894 - INFO - Total fitur: 151
2025-10-05 16:04:08,894 - INFO - 
Statistik Enhanced DataFrame:
2025-10-05 16:04:08,895 - INFO - Data completeness: 98.95%
2025-10-05 16:04:08,900 - INFO - Kolom dengan data tidak lengkap di Enhanced DataFrame: 39
2025-10-05 16:04:08,927 - INFO - 
Enhanced DataFrame saved to: datasets/fundamental/TSLA_enhanced_features.csv
2025-10-05 16:04:08,928 - INFO - DataFrame setelah filter q > 2012-Q1: (53, 151)
2025-10-05 16:04:08,929 - INFO - Data completeness: 100.00%
2025-10-05 16:04:08,929 - INFO - Processing technical and fundamental data...
2025-10-05 16:04:08,929 - INFO - Starting complete preprocessing pipeline with quarter shift mapping
2025-10-05 16:04:08,929 - INFO - Preparing technical data
2025-10-05 16:04:08,932 - INFO - Technical data prepared: 3783 rows, 17 columns
2025-10-05 16:04:08,932 - INFO - Preparing fundamental data
2025-10-05 16:04:08,932 - INFO - Fundamental data prepared: 53 quarters, 151 features
2025-10-05 16:04:08,932 - INFO - Converting quarterly data to daily format with quarter shift mapping
2025-10-05 16:04:12,605 - INFO - Daily conversion completed: 4839 days, 151 features
2025-10-05 16:04:12,605 - INFO - Data availability with quarter shift mapping: 98.12%
2025-10-05 16:04:12,606 - INFO - Combining technical and fundamental data
2025-10-05 16:04:12,623 - INFO - Data combination completed: 3330 rows, 168 columns
2025-10-05 16:04:12,624 - INFO - Date range: 2012-04-02 to 2025-06-30
2025-10-05 16:04:12,624 - INFO - Filtering data from 2012-Q2 to 2025-Q2
2025-10-05 16:04:12,630 - INFO - Filtering completed: 3330 rows remaining
2025-10-05 16:04:12,630 - INFO - Saving processed data to: datasets/processed/main_processed_data.csv
2025-10-05 16:04:13,850 - INFO - Data saved successfully: 3330 rows, 168 columns
2025-10-05 16:04:13,850 - INFO - Complete preprocessing pipeline finished successfully
2025-10-05 16:04:13,851 - INFO - Data processing completed: (3330, 168)
2025-10-05 16:04:13,851 - INFO - Processed data saved to: datasets/processed/main_processed_data.csv
2025-10-05 16:04:13,851 - INFO - 
Final processed data shape: (3330, 168)
2025-10-05 16:04:13,852 - INFO - Date range: 2012-04-02 00:00:00 to 2025-06-30 00:00:00
2025-10-05 16:04:13,853 - INFO - Technical columns: 8
2025-10-05 16:04:13,853 - INFO - Fundamental columns: 157
2025-10-05 16:04:13,853 - INFO - 
Preprocessing completed successfully!
2025-10-05 16:04:13,856 - INFO - Data completeness: 98.30%
2025-10-05 16:04:13,856 - INFO - 
=== Applying Triple Barrier Method ===
2025-10-05 16:04:13,856 - INFO - Starting Triple Barrier Method labeling...
2025-10-05 16:04:14,877 - INFO - 
=== Generating Triple Barrier Visualizations ===
2025-10-05 16:04:14,878 - INFO - Generating Triple Barrier visualizations...
2025-10-05 16:04:15,134 - INFO - Visualizations generated: 2 files
2025-10-05 16:04:15,134 - INFO - label_1_html: logs/visualization/visualisasi_20251005_160414_label_positif.html
2025-10-05 16:04:15,134 - INFO - label_-1_html: logs/visualization/visualisasi_20251005_160414_label_negatif.html
2025-10-05 16:04:15,134 - INFO - 
=== Triple Barrier Implementation Complete ===
2025-10-05 16:04:15,134 - INFO - Labels generated: 3314 samples
2025-10-05 16:04:15,134 - INFO - Results saved to: logs/triple_barrier/triple_barrier_results.csv
2025-10-05 16:04:15,134 - INFO - 
=== Merging Triple Barrier Labels with Features ===
2025-10-05 16:04:15,134 - INFO - Merging triple_barrier_df with filtered_df based on decision_date...
2025-10-05 16:04:15,149 - INFO - Triple Barrier data shape: (3314, 11)
2025-10-05 16:04:15,149 - INFO - Filtered data shape: (3330, 168)
2025-10-05 16:04:15,150 - INFO - Merged data shape: (3314, 178)
2025-10-05 16:04:15,152 - INFO - Successfully merged: 3251 complete rows
2025-10-05 16:04:16,407 - INFO - Merged labeled data saved to: datasets/processed/merged_labeled_data.csv
2025-10-05 16:04:16,407 - INFO - 
=== Final Summary ===
2025-10-05 16:04:16,407 - INFO - Original processed data shape: (3330, 168)
2025-10-05 16:04:16,407 - INFO - Triple Barrier labels: 3314 samples
2025-10-05 16:04:16,407 - INFO - Merged labeled data shape: (3314, 178)
2025-10-05 16:04:16,408 - INFO - Date range: 2012-04-02 00:00:00 to 2025-06-30 00:00:00
2025-10-05 16:04:16,408 - INFO - Date range: 2012-04-02 00:00:00 to 2025-06-05 00:00:00
2025-10-05 16:04:16,408 - INFO - Technical + Fundamental features: 168 columns
2025-10-05 16:04:16,408 - INFO - Total features in merged data: 178 columns
2025-10-05 16:04:16,408 - INFO - Triple Barrier parameters used: {'volatility_window': 20, 'upper_barrier_multiplier': 1.0, 'lower_barrier_multiplier': 1.0, 'time_barrier_days': 15, 'verbose': True}
2025-10-05 16:04:16,408 - INFO - 
All preprocessing, labeling, and merging completed successfully!
2025-10-05 16:04:16,410 - INFO - Dropped columns: ['decision_date', 'entry_date', 'end_date', 'end_price', 'return', 'barrier_touched', 'value_at_barrier_touched', 'time_converted', 'datetime', 'time']
2025-10-05 16:04:16,410 - INFO - Training DataFrame shape after dropping columns: (3314, 168)
2025-10-05 16:04:16,410 - INFO - Training DataFrame columns: ['entry_price', 'upper_barrier', 'lower_barrier', 'label', 'open', 'high', 'low', 'close', 'Volume', 'Histogram', 'MACD', 'Signal', 'K', 'D', 'Turnover (Cr)', '10 MA Turnover', 'Turnover / 10MA (X)', 'AccountsPayableCurrent', 'AccountsReceivableNetCurrent', 'AccumulatedDepreciationDepletionAndAmortizationPropertyPlantAndEquipment', 'AccumulatedOtherComprehensiveIncomeLossNetOfTax', 'AdditionalPaidInCapitalCommonStock', 'AllocatedShareBasedCompensationExpense', 'Assets', 'AssetsCurrent', 'CashAndCashEquivalentsAtCarryingValue', 'CommonStockValue', 'ComprehensiveIncomeNetOfTax', 'CostOfRevenue', 'EmployeeRelatedLiabilitiesCurrent', 'GrossProfit', 'IncomeLossFromContinuingOperationsBeforeIncomeTaxesExtraordinaryItemsNoncontrollingInterest', 'IncomeTaxExpenseBenefit', 'IncreaseDecreaseInAccountsPayableAndAccruedLiabilities', 'IncreaseDecreaseInAccountsReceivable', 'IncreaseDecreaseInOtherNoncurrentLiabilities', 'IncreaseDecreaseInPrepaidDeferredExpenseAndOtherAssets', 'InterestCostsCapitalized', 'InterestExpense', 'InventoryNet', 'InventoryWriteDown', 'InvestmentIncomeInterest', 'Liabilities', 'LiabilitiesAndStockholdersEquity', 'LiabilitiesCurrent', 'NetCashProvidedByUsedInFinancingActivities', 'NetCashProvidedByUsedInInvestingActivities', 'NetCashProvidedByUsedInOperatingActivities', 'NetIncomeLoss', 'NoncashOrPartNoncashAcquisitionValueOfAssetsAcquired1', 'NoncurrentAssets', 'OperatingExpenses', 'OperatingIncomeLoss', 'OtherAssetsNoncurrent', 'OtherComprehensiveIncomeLossForeignCurrencyTransactionAndTranslationAdjustmentNetOfTax', 'OtherLiabilitiesNoncurrent', 'OtherNonoperatingIncomeExpense', 'PaymentsToAcquirePropertyPlantAndEquipment', 'PrepaidExpenseAndOtherAssetsCurrent', 'ProceedsFromIssuanceOfSharesUnderIncentiveAndShareBasedCompensationPlansIncludingStockOptions', 'ProductWarrantyAccrualPreexistingIncreaseDecrease', 'PropertyPlantAndEquipmentGross', 'PropertyPlantAndEquipmentNet', 'ResearchAndDevelopmentExpense', 'RetainedEarningsAccumulatedDeficit', 'Revenues', 'SellingGeneralAndAdministrativeExpense', 'ShareBasedCompensation', 'StandardProductWarrantyAccrual', 'StandardProductWarrantyAccrualPayments', 'StandardProductWarrantyAccrualWarrantiesIssued', 'StockholdersEquity', 'TaxesPayableCurrent', 'UnrecognizedTaxBenefits', 'current_ratio', 'quick_ratio', 'cash_ratio', 'working_capital', 'accounts_receivable_turnover', 'days_sales_outstanding', 'inventory_turnover', 'days_inventory_outstanding', 'accounts_payable_turnover', 'days_payable_outstanding', 'cash_conversion_cycle', 'gross_profit_margin', 'operating_profit_margin', 'net_profit_margin', 'return_on_assets', 'return_on_equity', 'debt_to_equity_ratio', 'debt_to_assets_ratio', 'interest_coverage_ratio', 'operating_expense_ratio', 'rd_to_revenue_ratio', 'sga_to_revenue_ratio', 'fixed_asset_turnover', 'total_asset_turnover', 'capital_expenditure_ratio', 'compensation_efficiency', 'warranty_reserve_ratio', 'depreciation_rate', 'operating_cash_flow_to_net_income_ratio', 'effective_tax_rate', 'revenue_growth_rate', 'net_income_growth_rate', 'asset_growth_rate', 'accrual_ratio', 'cash_flow_to_revenue_ratio', 'return_on_invested_capital', 'cash_return_on_capital_invested', 'fixed_assets_to_long_term_debt_ratio', 'non_current_asset_turnover', 'quarterly_gross_profit_stability', 'revenue_to_expense_growth_differential', 'quarterly_cash_flow_quality', 'dividend_payout_ratio', 'stock_based_compensation_to_operating_expense_ratio', 'financial_leverage_index', 'asset_coverage_ratio', 'quarterly_margin_expansion', 'asset_utilization_ratio', 'capacity_utilization_proxy', 'altman_z_score', 'dupont_analysis_roe', 'economic_value_added', 'rd_efficiency_ratio', 'innovation_investment_ratio', 'revenue_momentum', 'earnings_momentum', 'quarterly_earnings_quality_index', 'non_operating_items_ratio', 'revenues_qoq_growth', 'revenues_yoy_growth', 'revenues_ttm', 'revenues_acceleration', 'revenues_seasonal_index', 'revenues_moving_avg', 'revenues_run_rate', 'revenues_volatility', 'revenues_seasonal_dependency', 'net_income_qoq_growth', 'net_income_yoy_growth', 'net_income_ttm', 'net_income_acceleration', 'net_income_seasonal_index', 'net_income_moving_avg', 'net_income_run_rate', 'net_income_volatility', 'assets_qoq_growth', 'assets_yoy_growth', 'assets_ttm', 'operating_income_qoq_growth', 'operating_income_yoy_growth', 'operating_income_ttm', 'cash_qoq_growth', 'cash_yoy_growth', 'equity_qoq_growth', 'equity_yoy_growth', 'liabilities_qoq_growth', 'liabilities_yoy_growth', 'quarterly_operating_leverage', 'quarterly_cash_burn_rate', 'revenues_ytd', 'netincomeloss_ytd', 'operatingincomeloss_ytd', 'long_term_revenue_cagr', 'operating_margin_trend']
2025-10-05 16:04:16,410 - INFO - 
=== Splitting Data into Train, Validation, and Test Sets (Time-based) ===
2025-10-05 16:04:16,410 - INFO - Splitting data into train, validation, and test sets using time-based approach...
2025-10-05 16:04:16,420 - INFO - Test data period: 2024-07-01 00:00:00 to 2025-06-05 00:00:00
2025-10-05 16:04:16,420 - INFO - Test data shape: (234, 178)
2025-10-05 16:04:16,423 - INFO - Train+Val data period: 2012-04-02 00:00:00 to 2024-06-28 00:00:00
2025-10-05 16:04:16,423 - INFO - Train+Val data shape: (3080, 178)
2025-10-05 16:04:16,437 - INFO - X_train shape: (2464, 167), y_train shape: (2464,)
2025-10-05 16:04:16,437 - INFO - X_test shape: (234, 167), y_test shape: (234,)
2025-10-05 16:04:16,437 - INFO - X_val shape: (616, 167), y_val shape: (616,)
2025-10-05 16:04:17,562 - INFO - Train, test, and validation data saved to datasets/training_data
2025-10-05 16:04:17,562 - INFO - 8. HYPERPARAMETER TUNING
2025-10-05 16:04:17,562 - INFO - ================================================================================
2025-10-05 16:04:17,616 - INFO - 
Combined HMM, XGBoost, and Barrier Parameters Tuning with Optuna
2025-10-05 16:04:17,616 - INFO - --------------------------------------------------
2025-10-05 16:04:17,616 - INFO - Combined HMM, XGBoost, and LSTM Parameters Tuning with Optuna
2025-10-05 16:04:17,616 - INFO - --------------------------------------------------
2025-10-05 16:04:17,616 - INFO - TensorFlow available - using XGB-HMM-LSTM hybrid optimization
2025-10-05 16:04:17,616 - INFO - Starting combined_xgb_hmm_lstm_barrier_parameters optimization with Optuna...
2025-10-05 16:04:18,145 - INFO - Study 'combined_xgb_hmm_lstm_barrier_parameters' created/loaded with storage: logs/optuna_studies/combined_xgb_hmm_lstm_barrier_parameters.db
2025-10-05 16:04:20,064 - INFO - Starting XGB-HMM training with 3 states for 3 classes...
2025-10-05 16:04:20,064 - INFO - Initializing GMM-HMM for state estimation...
2025-10-05 16:04:20,925 - INFO - Training initial XGBoost model with GMM-derived states...
2025-10-05 16:10:35,577 - INFO - Maximum iterations (110) reached
2025-10-05 16:10:35,577 - INFO - XGB-HMM training completed
2025-10-05 16:10:35,635 - INFO - Combined Parameters Optimization - Trial 53: New best score 0.7808
2025-10-05 16:10:35,654 - INFO - 
Combined hyperparameter tuning completed in 378.03 seconds
2025-10-05 16:10:35,654 - INFO - Best combined validation accuracy: 0.8815
2025-10-05 16:10:35,655 - INFO - Best trial number: 26
2025-10-05 16:10:35,655 - INFO - 
Best HMM Parameters:
2025-10-05 16:10:35,655 - INFO -   n_states: 3
2025-10-05 16:10:35,655 - INFO -   max_iter: 700
2025-10-05 16:10:35,655 - INFO -   tol: 8.900876447967033e-06
2025-10-05 16:10:35,655 - INFO - 
Best XGBoost Parameters:
2025-10-05 16:10:35,655 - INFO -   n_estimators: 100
2025-10-05 16:10:35,655 - INFO -   max_depth: 8
2025-10-05 16:10:35,655 - INFO -   learning_rate: 0.06397033011773137
2025-10-05 16:10:35,655 - INFO -   subsample: 0.9
2025-10-05 16:10:35,655 - INFO -   colsample_bytree: 0.9
2025-10-05 16:10:35,655 - INFO -   reg_alpha: 8.1
2025-10-05 16:10:35,655 - INFO -   reg_lambda: 1.9
2025-10-05 16:10:35,656 - INFO -   min_child_weight: 7
2025-10-05 16:10:35,656 - INFO -   gamma: 4.4
2025-10-05 16:10:35,656 - INFO - 
Best LSTM Parameters:
2025-10-05 16:10:35,656 - INFO -   sequence_length: 400
2025-10-05 16:10:35,656 - INFO -   lstm_units: 432
2025-10-05 16:10:35,656 - INFO -   dropout_rate: 0.32
2025-10-05 16:10:35,656 - INFO -   learning_rate: 0.0005655332644067792
2025-10-05 16:10:35,656 - INFO - 
Best Ensemble Weights: XGB=0.20, HMM=0.28, LSTM=0.52
2025-10-05 16:10:35,656 - INFO - 
Best Barrier Parameters:
2025-10-05 16:10:35,656 - INFO -   volatility_window: 50
2025-10-05 16:10:35,656 - INFO -   upper_barrier_multiplier: 2.4000000000000004
2025-10-05 16:10:35,656 - INFO -   lower_barrier_multiplier: 2.4000000000000004
2025-10-05 16:10:35,657 - INFO -   time_barrier_days: 35
2025-10-05 16:10:35,677 - INFO - Optimization summary saved to: logs/xgb_results/combined_optimization_summary.pkl
2025-10-05 16:10:35,677 - INFO - 
Using best parameters from combined tuning for final model training...
2025-10-05 16:10:35,677 - INFO - Applying triple barrier labeling with optimized parameters...
2025-10-05 16:10:37,157 - INFO - Updated merged data with optimized barrier parameters: (3294, 178)
2025-10-05 16:10:37,157 - INFO - 
9. Training XGB-HMM Hybrid Model
2025-10-05 16:10:37,157 - INFO - --------------------------------------------------
2025-10-05 16:10:37,157 - INFO - Using existing triple barrier data for XGB-HMM training...
2025-10-05 16:10:37,157 - INFO - Triple barrier data already available: 3314 samples
2025-10-05 16:10:37,158 - INFO - Proceeding directly to XGB-HMM training with existing merged data...
2025-10-05 16:10:37,161 - INFO - Final dataset shape: (3294, 178)
2025-10-05 16:10:37,161 - INFO - Label distribution:
2025-10-05 16:10:37,162 - INFO - label
-1    1397
 0      17
 1    1880
Name: count, dtype: int64
2025-10-05 16:10:37,167 - INFO - Final test data period: 2024-07-01 00:00:00 to 2025-05-07 00:00:00
2025-10-05 16:10:37,167 - INFO - Final test data shape: (214, 178)
2025-10-05 16:10:37,170 - INFO - Final train+val data period: 2012-04-02 00:00:00 to 2024-06-28 00:00:00
2025-10-05 16:10:37,171 - INFO - Final train+val data shape: (3080, 178)
2025-10-05 16:10:37,176 - INFO - 
Final data splits:
2025-10-05 16:10:37,177 - INFO - Training set: 2464 samples
2025-10-05 16:10:37,177 - INFO - Validation set: 616 samples
2025-10-05 16:10:37,177 - INFO - Test set: 214 samples
2025-10-05 16:10:37,178 - INFO - 
Final label mapping: {np.int64(-1): 0, np.int64(0): 1, np.int64(1): 2}
2025-10-05 16:10:37,178 - INFO - Number of classes: 3
2025-10-05 16:10:37,178 - INFO - 
=== Applying Feature Selection ===
2025-10-05 16:10:37,178 - INFO - Initializing feature selection process...
2025-10-05 16:10:37,178 - INFO - Original number of features: 167
2025-10-05 16:10:37,179 - INFO - Applying ensemble feature selection...
2025-10-05 16:10:37,179 - INFO - Performing ensemble feature selection...
2025-10-05 16:10:37,179 - INFO - Performing univariate feature selection with k=83 features...
2025-10-05 16:10:37,195 - INFO - Univariate selection completed. Selected 83 features.
2025-10-05 16:10:37,195 - INFO - Performing mutual information feature selection with k=83 features...
2025-10-05 16:10:38,736 - INFO - Mutual information selection completed. Selected 83 features.
2025-10-05 16:10:38,736 - INFO - Performing RFE selection with n_features=83...
2025-10-05 16:11:13,949 - INFO - RFE selection completed. Selected 83 features.
2025-10-05 16:11:13,949 - INFO - Performing feature importance selection with n_features=83...
2025-10-05 16:11:16,133 - INFO - Feature importance selection completed. Selected 83 features.
2025-10-05 16:11:16,134 - INFO - Ensemble selection completed. Selected 112 features with 2+ votes.
2025-10-05 16:11:16,134 - INFO - Selected 112 features out of 167
2025-10-05 16:11:16,134 - INFO - Feature reduction: 32.93%
2025-10-05 16:11:16,135 - INFO - 
Feature Selection Summary:
2025-10-05 16:11:16,135 - INFO - Applying feature selection to training, validation, and test sets...
2025-10-05 16:11:16,136 - INFO - Selected feature names (top 10): ['entry_price', 'upper_barrier', 'lower_barrier', 'open', 'high', 'low', 'close', 'Histogram', 'MACD', 'Signal']
2025-10-05 16:11:16,136 - INFO - ... and 102 more features
2025-10-05 16:11:16,139 - INFO - Feature selection summary saved to: logs/xgb_results/feature_selection_summary.pkl
2025-10-05 16:11:16,139 - INFO - 
=== Training XGB-HMM-LSTM Triple Hybrid Model with Selected Features ===
2025-10-05 16:11:16,139 - INFO - Initializing XGB-HMM-LSTM model with optimal parameters and selected features...
2025-10-05 16:11:16,139 - INFO - XGB-HMM-LSTM Model initialized with optimized parameters
2025-10-05 16:11:16,139 - INFO -   n_states: 3
2025-10-05 16:11:16,140 - INFO -   max_iter: 700
2025-10-05 16:11:16,140 - INFO -   tol: 8.900876447967033e-06
2025-10-05 16:11:16,140 - INFO -   sequence_length: 400
2025-10-05 16:11:16,140 - INFO -   lstm_units: 432
2025-10-05 16:11:16,140 - INFO -   ensemble_weights: [0.2, 0.28, 0.52]
2025-10-05 16:11:16,140 - INFO -   TensorFlow available: True
2025-10-05 16:11:16,140 - INFO - Starting XGB-HMM-LSTM training with EM algorithm...
2025-10-05 16:11:16,140 - INFO - Starting XGB-HMM training with 3 states for 3 classes...
2025-10-05 16:11:16,140 - INFO - Initializing GMM-HMM for state estimation...
2025-10-05 16:11:16,656 - INFO - Training initial XGBoost model with GMM-derived states...
